<?xml version="1.0" encoding="UTF-8"?>
<!-- Generated by org.testng.reporters.JUnitReportReporter -->
<testsuite hostname="LAPTOP-E3QCB6C3" name="org.mma.training.selenium.NewTest" tests="1" failures="0" timestamp="29 Jun 2019 16:07:19 GMT" time="4.946" errors="0">
  <testcase name="testGooglePageTitleInIEBrowser" time="4.946" classname="org.mma.training.selenium.NewTest"/>
</testsuite> <!-- org.mma.training.selenium.NewTest -->
